<?xml version="1.0" encoding="UTF-8"?>
<testng-results skipped="0" failed="0" ignored="0" total="1" passed="1">
  <reporter-output>
  </reporter-output>
  <suite name="Default suite" duration-ms="42840" started-at="2022-11-24T07:18:26Z" finished-at="2022-11-24T07:19:09Z">
    <groups>
    </groups>
    <test name="Default test" duration-ms="42840" started-at="2022-11-24T07:18:26Z" finished-at="2022-11-24T07:19:09Z">
      <class name="testCases.testcases">
        <test-method status="PASS" signature="launchApp()[pri:0, instance:testCases.testcases@28feb3fa]" name="launchApp" is-config="true" duration-ms="17003" started-at="2022-11-24T12:48:26Z" finished-at="2022-11-24T12:48:43Z">
          <reporter-output>
          </reporter-output>
        </test-method> <!-- launchApp -->
        <test-method status="PASS" signature="regressionTestcases()[pri:0, instance:testCases.testcases@28feb3fa]" name="regressionTestcases" duration-ms="9575" started-at="2022-11-24T12:48:43Z" finished-at="2022-11-24T12:48:53Z">
          <reporter-output>
          </reporter-output>
        </test-method> <!-- regressionTestcases -->
        <test-method status="PASS" signature="closeApp()[pri:0, instance:testCases.testcases@28feb3fa]" name="closeApp" is-config="true" duration-ms="16252" started-at="2022-11-24T12:48:53Z" finished-at="2022-11-24T12:49:09Z">
          <reporter-output>
          </reporter-output>
        </test-method> <!-- closeApp -->
      </class> <!-- testCases.testcases -->
    </test> <!-- Default test -->
  </suite> <!-- Default suite -->
</testng-results>
